<?xml version="1.0" encoding="UTF-8"?>
<!-- Generated by org.testng.reporters.JUnitXMLReporter -->
<testsuite hostname="DESKTOP-3OCI825" ignored="0" name="Default test" tests="5" failures="0" timestamp="2020-06-05T14:27:51 NZST" time="7.854" errors="0">
  <testcase name="test_getAllVideoGames" time="4.235" classname="testCases.TC_VideoGameAPI_Tests"/>
  <testcase name="test_addNewVideoGame" time="1.198" classname="testCases.TC_VideoGameAPI_Tests"/>
  <testcase name="test_getVideoGame" time="2.078" classname="testCases.TC_VideoGameAPI_Tests"/>
  <testcase name="test_UpdateVideoGame" time="0.212" classname="testCases.TC_VideoGameAPI_Tests"/>
  <testcase name="test_DeleteVideoGame" time="0.039" classname="testCases.TC_VideoGameAPI_Tests"/>
</testsuite> <!-- Default test -->
