<?xml version="1.0" encoding="UTF-8"?>
<!-- Generated by org.testng.reporters.JUnitXMLReporter -->
<testsuite hostname="DESKTOP-3OCI825" ignored="0" name="video game tests" tests="17" failures="0" timestamp="2020-06-14T12:37:28 NZST" time="9.575" errors="0">
  <testcase name="test_getAllVideoGames" time="3.317" classname="testCases.TC_VideoGameAPI_Tests"/>
  <testcase name="test_addNewVideoGame" time="0.837" classname="testCases.TC_VideoGameAPI_Tests"/>
  <testcase name="test_getVideoGame" time="1.212" classname="testCases.TC_VideoGameAPI_Tests"/>
  <testcase name="test_UpdateVideoGame" time="0.123" classname="testCases.TC_VideoGameAPI_Tests"/>
  <testcase name="test_DeleteVideoGame" time="0.051" classname="testCases.TC_VideoGameAPI_Tests"/>
  <testcase name="test_addNewVideoGame" time="0.111" classname="testCases.TC_Post_VideoGame_Pojo"/>
  <testcase name="test_getVideoGame_pojo" time="0.486" classname="testCases.TC_Post_VideoGame_Pojo"/>
  <testcase name="test_addNewVideoGame" time="0.033" classname="testCases.TC_Post_VideoGame_DDT"/>
  <testcase name="test_addNewVideoGame" time="0.022" classname="testCases.TC_Post_VideoGame_DDT"/>
  <testcase name="test_addNewVideoGame" time="0.025" classname="testCases.TC_Post_VideoGame_DDT"/>
  <testcase name="test_addNewVideoGame" time="0.019" classname="testCases.TC_Post_VideoGame_DDT"/>
  <testcase name="test_addNewVideoGame" time="0.026" classname="testCases.TC_Post_VideoGame_DDT"/>
  <testcase name="test_getVideoGame" time="0.132" classname="testCases.TC_Post_VideoGame_DDT"/>
  <testcase name="test_getVideoGame" time="0.085" classname="testCases.TC_Post_VideoGame_DDT"/>
  <testcase name="test_getVideoGame" time="0.079" classname="testCases.TC_Post_VideoGame_DDT"/>
  <testcase name="test_getVideoGame" time="0.122" classname="testCases.TC_Post_VideoGame_DDT"/>
  <testcase name="test_getVideoGame" time="0.061" classname="testCases.TC_Post_VideoGame_DDT"/>
</testsuite> <!-- video game tests -->
