<?xml version="1.0" encoding="UTF-8"?>
<testng-results skipped="0" failed="0" ignored="0" total="17" passed="17">
  <reporter-output>
  </reporter-output>
  <suite name="video game suite" duration-ms="9575" started-at="2020-06-14T12:37:18 NZST" finished-at="2020-06-14T12:37:28 NZST">
    <groups>
    </groups>
    <test name="video game tests" duration-ms="9575" started-at="2020-06-14T12:37:18 NZST" finished-at="2020-06-14T12:37:28 NZST">
      <class name="testCases.TC_Post_VideoGame_Pojo">
        <test-method status="PASS" signature="test_addNewVideoGame()[pri:1, instance:testCases.TC_Post_VideoGame_Pojo@3d921e20]" name="test_addNewVideoGame" duration-ms="111" started-at="2020-06-14T12:37:24 NZST" finished-at="2020-06-14T12:37:24 NZST">
          <reporter-output>
          </reporter-output>
        </test-method> <!-- test_addNewVideoGame -->
        <test-method status="PASS" signature="test_getVideoGame_pojo()[pri:2, instance:testCases.TC_Post_VideoGame_Pojo@3d921e20]" name="test_getVideoGame_pojo" duration-ms="486" started-at="2020-06-14T12:37:24 NZST" finished-at="2020-06-14T12:37:24 NZST">
          <reporter-output>
          </reporter-output>
        </test-method> <!-- test_getVideoGame_pojo -->
      </class> <!-- testCases.TC_Post_VideoGame_Pojo -->
      <class name="testCases.TC_Post_VideoGame_DDT">
        <test-method status="PASS" signature="test_addNewVideoGame(java.lang.String, java.lang.String, java.lang.String, java.lang.String, java.lang.String, java.lang.String)[pri:1, instance:testCases.TC_Post_VideoGame_DDT@36b4cef0]" name="test_addNewVideoGame" duration-ms="33" started-at="2020-06-14T12:37:26 NZST" data-provider="dp" finished-at="2020-06-14T12:37:26 NZST">
          <params>
            <param index="0">
              <value>
                <![CDATA[101]]>
              </value>
            </param>
            <param index="1">
              <value>
                <![CDATA[Hide-and-seek]]>
              </value>
            </param>
            <param index="2">
              <value>
                <![CDATA[2019-09-20T08:55:58.510Z]]>
              </value>
            </param>
            <param index="3">
              <value>
                <![CDATA[4]]>
              </value>
            </param>
            <param index="4">
              <value>
                <![CDATA[Adventure]]>
              </value>
            </param>
            <param index="5">
              <value>
                <![CDATA[Universal]]>
              </value>
            </param>
          </params>
          <reporter-output>
          </reporter-output>
        </test-method> <!-- test_addNewVideoGame -->
        <test-method status="PASS" signature="test_addNewVideoGame(java.lang.String, java.lang.String, java.lang.String, java.lang.String, java.lang.String, java.lang.String)[pri:1, instance:testCases.TC_Post_VideoGame_DDT@36b4cef0]" name="test_addNewVideoGame" duration-ms="22" started-at="2020-06-14T12:37:26 NZST" data-provider="dp" finished-at="2020-06-14T12:37:26 NZST">
          <params>
            <param index="0">
              <value>
                <![CDATA[102]]>
              </value>
            </param>
            <param index="1">
              <value>
                <![CDATA[Musical chairs]]>
              </value>
            </param>
            <param index="2">
              <value>
                <![CDATA[2019-09-20T08:55:58.510Z]]>
              </value>
            </param>
            <param index="3">
              <value>
                <![CDATA[3]]>
              </value>
            </param>
            <param index="4">
              <value>
                <![CDATA[Adventure]]>
              </value>
            </param>
            <param index="5">
              <value>
                <![CDATA[Universal]]>
              </value>
            </param>
          </params>
          <reporter-output>
          </reporter-output>
        </test-method> <!-- test_addNewVideoGame -->
        <test-method status="PASS" signature="test_addNewVideoGame(java.lang.String, java.lang.String, java.lang.String, java.lang.String, java.lang.String, java.lang.String)[pri:1, instance:testCases.TC_Post_VideoGame_DDT@36b4cef0]" name="test_addNewVideoGame" duration-ms="25" started-at="2020-06-14T12:37:26 NZST" data-provider="dp" finished-at="2020-06-14T12:37:26 NZST">
          <params>
            <param index="0">
              <value>
                <![CDATA[103]]>
              </value>
            </param>
            <param index="1">
              <value>
                <![CDATA[Charades]]>
              </value>
            </param>
            <param index="2">
              <value>
                <![CDATA[2019-09-20T08:55:58.510Z]]>
              </value>
            </param>
            <param index="3">
              <value>
                <![CDATA[4]]>
              </value>
            </param>
            <param index="4">
              <value>
                <![CDATA[Adventure]]>
              </value>
            </param>
            <param index="5">
              <value>
                <![CDATA[Universal]]>
              </value>
            </param>
          </params>
          <reporter-output>
          </reporter-output>
        </test-method> <!-- test_addNewVideoGame -->
        <test-method status="PASS" signature="test_addNewVideoGame(java.lang.String, java.lang.String, java.lang.String, java.lang.String, java.lang.String, java.lang.String)[pri:1, instance:testCases.TC_Post_VideoGame_DDT@36b4cef0]" name="test_addNewVideoGame" duration-ms="19" started-at="2020-06-14T12:37:26 NZST" data-provider="dp" finished-at="2020-06-14T12:37:26 NZST">
          <params>
            <param index="0">
              <value>
                <![CDATA[104]]>
              </value>
            </param>
            <param index="1">
              <value>
                <![CDATA[Pictionary]]>
              </value>
            </param>
            <param index="2">
              <value>
                <![CDATA[2019-09-20T08:55:58.510Z]]>
              </value>
            </param>
            <param index="3">
              <value>
                <![CDATA[5]]>
              </value>
            </param>
            <param index="4">
              <value>
                <![CDATA[Adventure]]>
              </value>
            </param>
            <param index="5">
              <value>
                <![CDATA[Universal]]>
              </value>
            </param>
          </params>
          <reporter-output>
          </reporter-output>
        </test-method> <!-- test_addNewVideoGame -->
        <test-method status="PASS" signature="test_addNewVideoGame(java.lang.String, java.lang.String, java.lang.String, java.lang.String, java.lang.String, java.lang.String)[pri:1, instance:testCases.TC_Post_VideoGame_DDT@36b4cef0]" name="test_addNewVideoGame" duration-ms="26" started-at="2020-06-14T12:37:26 NZST" data-provider="dp" finished-at="2020-06-14T12:37:27 NZST">
          <params>
            <param index="0">
              <value>
                <![CDATA[105]]>
              </value>
            </param>
            <param index="1">
              <value>
                <![CDATA[Spider-Man]]>
              </value>
            </param>
            <param index="2">
              <value>
                <![CDATA[2019-09-20T08:55:58.510Z]]>
              </value>
            </param>
            <param index="3">
              <value>
                <![CDATA[5]]>
              </value>
            </param>
            <param index="4">
              <value>
                <![CDATA[Adventure]]>
              </value>
            </param>
            <param index="5">
              <value>
                <![CDATA[Universal]]>
              </value>
            </param>
          </params>
          <reporter-output>
          </reporter-output>
        </test-method> <!-- test_addNewVideoGame -->
        <test-method status="PASS" signature="test_getVideoGame(java.lang.String, java.lang.String, java.lang.String, java.lang.String, java.lang.String, java.lang.String)[pri:2, instance:testCases.TC_Post_VideoGame_DDT@36b4cef0]" name="test_getVideoGame" duration-ms="132" started-at="2020-06-14T12:37:27 NZST" data-provider="dp" finished-at="2020-06-14T12:37:27 NZST">
          <params>
            <param index="0">
              <value>
                <![CDATA[101]]>
              </value>
            </param>
            <param index="1">
              <value>
                <![CDATA[Hide-and-seek]]>
              </value>
            </param>
            <param index="2">
              <value>
                <![CDATA[2019-09-20T08:55:58.510Z]]>
              </value>
            </param>
            <param index="3">
              <value>
                <![CDATA[4]]>
              </value>
            </param>
            <param index="4">
              <value>
                <![CDATA[Adventure]]>
              </value>
            </param>
            <param index="5">
              <value>
                <![CDATA[Universal]]>
              </value>
            </param>
          </params>
          <reporter-output>
          </reporter-output>
        </test-method> <!-- test_getVideoGame -->
        <test-method status="PASS" signature="test_getVideoGame(java.lang.String, java.lang.String, java.lang.String, java.lang.String, java.lang.String, java.lang.String)[pri:2, instance:testCases.TC_Post_VideoGame_DDT@36b4cef0]" name="test_getVideoGame" duration-ms="85" started-at="2020-06-14T12:37:27 NZST" data-provider="dp" finished-at="2020-06-14T12:37:28 NZST">
          <params>
            <param index="0">
              <value>
                <![CDATA[102]]>
              </value>
            </param>
            <param index="1">
              <value>
                <![CDATA[Musical chairs]]>
              </value>
            </param>
            <param index="2">
              <value>
                <![CDATA[2019-09-20T08:55:58.510Z]]>
              </value>
            </param>
            <param index="3">
              <value>
                <![CDATA[3]]>
              </value>
            </param>
            <param index="4">
              <value>
                <![CDATA[Adventure]]>
              </value>
            </param>
            <param index="5">
              <value>
                <![CDATA[Universal]]>
              </value>
            </param>
          </params>
          <reporter-output>
          </reporter-output>
        </test-method> <!-- test_getVideoGame -->
        <test-method status="PASS" signature="test_getVideoGame(java.lang.String, java.lang.String, java.lang.String, java.lang.String, java.lang.String, java.lang.String)[pri:2, instance:testCases.TC_Post_VideoGame_DDT@36b4cef0]" name="test_getVideoGame" duration-ms="79" started-at="2020-06-14T12:37:28 NZST" data-provider="dp" finished-at="2020-06-14T12:37:28 NZST">
          <params>
            <param index="0">
              <value>
                <![CDATA[103]]>
              </value>
            </param>
            <param index="1">
              <value>
                <![CDATA[Charades]]>
              </value>
            </param>
            <param index="2">
              <value>
                <![CDATA[2019-09-20T08:55:58.510Z]]>
              </value>
            </param>
            <param index="3">
              <value>
                <![CDATA[4]]>
              </value>
            </param>
            <param index="4">
              <value>
                <![CDATA[Adventure]]>
              </value>
            </param>
            <param index="5">
              <value>
                <![CDATA[Universal]]>
              </value>
            </param>
          </params>
          <reporter-output>
          </reporter-output>
        </test-method> <!-- test_getVideoGame -->
        <test-method status="PASS" signature="test_getVideoGame(java.lang.String, java.lang.String, java.lang.String, java.lang.String, java.lang.String, java.lang.String)[pri:2, instance:testCases.TC_Post_VideoGame_DDT@36b4cef0]" name="test_getVideoGame" duration-ms="122" started-at="2020-06-14T12:37:28 NZST" data-provider="dp" finished-at="2020-06-14T12:37:28 NZST">
          <params>
            <param index="0">
              <value>
                <![CDATA[104]]>
              </value>
            </param>
            <param index="1">
              <value>
                <![CDATA[Pictionary]]>
              </value>
            </param>
            <param index="2">
              <value>
                <![CDATA[2019-09-20T08:55:58.510Z]]>
              </value>
            </param>
            <param index="3">
              <value>
                <![CDATA[5]]>
              </value>
            </param>
            <param index="4">
              <value>
                <![CDATA[Adventure]]>
              </value>
            </param>
            <param index="5">
              <value>
                <![CDATA[Universal]]>
              </value>
            </param>
          </params>
          <reporter-output>
          </reporter-output>
        </test-method> <!-- test_getVideoGame -->
        <test-method status="PASS" signature="test_getVideoGame(java.lang.String, java.lang.String, java.lang.String, java.lang.String, java.lang.String, java.lang.String)[pri:2, instance:testCases.TC_Post_VideoGame_DDT@36b4cef0]" name="test_getVideoGame" duration-ms="61" started-at="2020-06-14T12:37:28 NZST" data-provider="dp" finished-at="2020-06-14T12:37:28 NZST">
          <params>
            <param index="0">
              <value>
                <![CDATA[105]]>
              </value>
            </param>
            <param index="1">
              <value>
                <![CDATA[Spider-Man]]>
              </value>
            </param>
            <param index="2">
              <value>
                <![CDATA[2019-09-20T08:55:58.510Z]]>
              </value>
            </param>
            <param index="3">
              <value>
                <![CDATA[5]]>
              </value>
            </param>
            <param index="4">
              <value>
                <![CDATA[Adventure]]>
              </value>
            </param>
            <param index="5">
              <value>
                <![CDATA[Universal]]>
              </value>
            </param>
          </params>
          <reporter-output>
          </reporter-output>
        </test-method> <!-- test_getVideoGame -->
      </class> <!-- testCases.TC_Post_VideoGame_DDT -->
      <class name="testCases.TC_VideoGameAPI_Tests">
        <test-method status="PASS" signature="test_getAllVideoGames()[pri:1, instance:testCases.TC_VideoGameAPI_Tests@3234e239]" name="test_getAllVideoGames" duration-ms="3317" started-at="2020-06-14T12:37:18 NZST" finished-at="2020-06-14T12:37:22 NZST">
          <reporter-output>
          </reporter-output>
        </test-method> <!-- test_getAllVideoGames -->
        <test-method status="PASS" signature="test_addNewVideoGame()[pri:2, instance:testCases.TC_VideoGameAPI_Tests@3234e239]" name="test_addNewVideoGame" duration-ms="837" started-at="2020-06-14T12:37:22 NZST" finished-at="2020-06-14T12:37:22 NZST">
          <reporter-output>
          </reporter-output>
        </test-method> <!-- test_addNewVideoGame -->
        <test-method status="PASS" signature="test_getVideoGame()[pri:3, instance:testCases.TC_VideoGameAPI_Tests@3234e239]" name="test_getVideoGame" duration-ms="1212" started-at="2020-06-14T12:37:22 NZST" finished-at="2020-06-14T12:37:24 NZST">
          <reporter-output>
          </reporter-output>
        </test-method> <!-- test_getVideoGame -->
        <test-method status="PASS" signature="test_UpdateVideoGame()[pri:4, instance:testCases.TC_VideoGameAPI_Tests@3234e239]" name="test_UpdateVideoGame" duration-ms="123" started-at="2020-06-14T12:37:24 NZST" finished-at="2020-06-14T12:37:24 NZST">
          <reporter-output>
          </reporter-output>
        </test-method> <!-- test_UpdateVideoGame -->
        <test-method status="PASS" signature="test_DeleteVideoGame()[pri:5, instance:testCases.TC_VideoGameAPI_Tests@3234e239]" name="test_DeleteVideoGame" duration-ms="51" started-at="2020-06-14T12:37:24 NZST" finished-at="2020-06-14T12:37:24 NZST">
          <reporter-output>
          </reporter-output>
        </test-method> <!-- test_DeleteVideoGame -->
      </class> <!-- testCases.TC_VideoGameAPI_Tests -->
    </test> <!-- video game tests -->
  </suite> <!-- video game suite -->
</testng-results>
